<?xml version="1.0" encoding="UTF-8"?>
<testng-results skipped="0" failed="0" ignored="0" total="1" passed="1">
  <reporter-output>
  </reporter-output>
  <suite name="Default suite" duration-ms="158064" started-at="2017-01-23T13:52:56Z" finished-at="2017-01-23T13:55:34Z">
    <groups>
    </groups>
    <test name="Default test" duration-ms="158064" started-at="2017-01-23T13:52:56Z" finished-at="2017-01-23T13:55:34Z">
      <class name="test.java.URL_001">
        <test-method status="PASS" signature="BeforeMethod()[pri:0, instance:test.java.URL_001@685cb137]" name="BeforeMethod" is-config="true" duration-ms="6480" started-at="2017-01-23T19:22:56Z" finished-at="2017-01-23T19:23:03Z">
          <reporter-output>
          </reporter-output>
        </test-method> <!-- BeforeMethod -->
        <test-method status="PASS" signature="url_1()[pri:0, instance:test.java.URL_001@685cb137]" name="url_1" duration-ms="149819" started-at="2017-01-23T19:23:03Z" finished-at="2017-01-23T19:25:33Z">
          <reporter-output>
          </reporter-output>
        </test-method> <!-- url_1 -->
        <test-method status="PASS" signature="Crash()[pri:0, instance:test.java.URL_001@685cb137]" name="Crash" is-config="true" duration-ms="1721" started-at="2017-01-23T19:25:33Z" finished-at="2017-01-23T19:25:34Z">
          <reporter-output>
          </reporter-output>
        </test-method> <!-- Crash -->
      </class> <!-- test.java.URL_001 -->
    </test> <!-- Default test -->
  </suite> <!-- Default suite -->
</testng-results>
