<?xml version="1.0" encoding="UTF-8"?>
<testng-results skipped="0" failed="0" total="1" passed="1">
  <reporter-output>
  </reporter-output>
  <suite name="Default suite" duration-ms="61436" started-at="2017-01-15T17:17:53Z" finished-at="2017-01-15T17:18:55Z">
    <groups>
    </groups>
    <test name="Default test" duration-ms="61436" started-at="2017-01-15T17:17:53Z" finished-at="2017-01-15T17:18:55Z">
      <class name="urlMonitoring.TC001">
        <test-method status="PASS" signature="BeforeMethod()[pri:0, instance:urlMonitoring.TC001@1f4f00f]" name="BeforeMethod" is-config="true" duration-ms="4717" started-at="2017-01-15T22:47:53Z" finished-at="2017-01-15T22:47:58Z">
          <reporter-output>
          </reporter-output>
        </test-method> <!-- BeforeMethod -->
        <test-method status="PASS" signature="url_1()[pri:0, instance:urlMonitoring.TC001@1f4f00f]" name="url_1" duration-ms="53385" started-at="2017-01-15T22:47:58Z" finished-at="2017-01-15T22:48:51Z">
          <reporter-output>
          </reporter-output>
        </test-method> <!-- url_1 -->
        <test-method status="PASS" signature="Crash()[pri:0, instance:urlMonitoring.TC001@1f4f00f]" name="Crash" is-config="true" duration-ms="3317" started-at="2017-01-15T22:48:51Z" finished-at="2017-01-15T22:48:55Z">
          <reporter-output>
          </reporter-output>
        </test-method> <!-- Crash -->
      </class> <!-- urlMonitoring.TC001 -->
    </test> <!-- Default test -->
  </suite> <!-- Default suite -->
</testng-results>
